[2022-03-10 16:35:27] [ ERROR] [Test:&L]  Error al generar la Queryorg.h2.jdbc.JdbcSQLIntegrityConstraintViolationException: Violación de indice de Unicidad ó Clave primaria: "PRIMARY KEY ON PUBLIC.TEST(ID) ( /* key:2 */ 2, 'Vanetta', 3, 'Google', '18-02-1993')"
Unique index or primary key violation: "PRIMARY KEY ON PUBLIC.TEST(ID) ( /* key:2 */ 2, 'Vanetta', 3, 'Google', '18-02-1993')"; SQL statement:
DROP TABLE IF EXISTS TEST [23505-210]
[2022-03-10 16:36:02] [ ERROR] [Test:&L]  Error al generar la Query  : org.h2.jdbc.JdbcSQLIntegrityConstraintViolationException: Violación de indice de Unicidad ó Clave primaria: "PRIMARY KEY ON PUBLIC.TEST(ID) ( /* key:2 */ 2, 'Vanetta', 3, 'Google', '18-02-1993')"
Unique index or primary key violation: "PRIMARY KEY ON PUBLIC.TEST(ID) ( /* key:2 */ 2, 'Vanetta', 3, 'Google', '18-02-1993')"; SQL statement:
DROP TABLE IF EXISTS TEST [23505-210]
[2022-03-10 16:46:55] [ INFO ] [Test:&L] Empleado@2f7298b
[2022-03-10 16:47:25] [ INFO ] [Test:&L] Ag_Vanetta
[2022-03-10 16:47:57] [ INFO ] [Test:&L] Ag_Vanetta
[2022-03-10 16:47:57] [ INFO ] [Test:&L] Agustin
[2022-03-10 16:48:40] [ INFO ] [Test:&L] Ag_Vanetta
[2022-03-10 16:48:40] [ INFO ] [Test:&L] Se borro a Agustin
[2022-03-10 16:49:02] [ INFO ] [Test:&L] Ag_Vanetta
[2022-03-10 16:49:02] [ INFO ] [Test:&L] Se borro a Agustin
[2022-03-10 16:49:43] [ INFO ] [Test:&L] Ag_Vanetta
[2022-03-10 16:49:43] [ INFO ] [Test:&L] Se borro a el ID 3
[2022-03-10 16:51:31] [ INFO ] [Test:48] Ag_Vanetta%[2022-03-10 16:51:31] [ INFO ] [Test:49] Se borro a el ID 3%[2022-03-10 16:51:45] [ INFO ] [Test:48] Ag_Vanetta%[2022-03-10 16:51:45] [ INFO ] [Test:49] Se borro a el ID 3%[2022-03-10 16:53:23] [ INFO ] [Test:48] Ag_Vanetta%[2022-03-10 16:53:23] [ INFO ] [Test:49] DELETE FROM TEST WHERE ID=3%[2022-03-10 16:59:02] [ INFO ] [Test:51] Ag_Vanetta%[2022-03-10 16:59:02] [ INFO ] [Test:52] DELETE FROM TEST WHERE ID=3%[2022-03-10 16:59:20] [ INFO ] [Test:51] Ag_Vanetta%[2022-03-10 16:59:20] [ INFO ] [Test:52] borrar%[2022-03-10 17:03:24] [ ERROR] [Test:41]  Error al generar la Query  : org.h2.jdbc.JdbcSQLIntegrityConstraintViolationException: Violación de indice de Unicidad ó Clave primaria: "PRIMARY KEY ON PUBLIC.TEST(ID) ( /* key:2 */ 2, 'Vanetta', 3, 'Google', '18-02-1993')"
Unique index or primary key violation: "PRIMARY KEY ON PUBLIC.TEST(ID) ( /* key:2 */ 2, 'Vanetta', 3, 'Google', '18-02-1993')"; SQL statement:
DROP TABLE IF EXISTS TEST [23505-210]%[2022-03-10 17:03:24] [ INFO ] [Test:42] ERROOOOOOOOR%[2022-03-10 17:03:24] [ INFO ] [Test:52] Ag_Vanetta%[2022-03-10 17:03:24] [ INFO ] [Test:53] borrar%[2022-03-10 17:10:08] [ ERROR] [Test:43]  Error al generar la Query  : org.h2.jdbc.JdbcSQLIntegrityConstraintViolationException: Violación de indice de Unicidad ó Clave primaria: "PRIMARY KEY ON PUBLIC.TEST(ID) ( /* key:2 */ 2, 'Vanetta', 3, 'Google', '18-02-1993')"
Unique index or primary key violation: "PRIMARY KEY ON PUBLIC.TEST(ID) ( /* key:2 */ 2, 'Vanetta', 3, 'Google', '18-02-1993')"; SQL statement:
DROP TABLE IF EXISTS TEST [23505-210]%[2022-03-10 17:10:08] [ INFO ] [Test:44] ERROOOOOOOOR%[2022-03-10 17:10:08] [ INFO ] [Test:54] Ag_Vanetta%[2022-03-10 17:10:08] [ INFO ] [Test:55] borrar%[2022-03-10 17:10:25] [ INFO ] [Test:54] Ag_Vanetta%[2022-03-10 17:10:25] [ INFO ] [Test:55] borrar%[2022-03-10 17:11:43] [ INFO ] [Test:53] Ag_Vanetta%[2022-03-10 17:11:43] [ INFO ] [Test:54] borrar%[2022-03-10 17:12:53] [ INFO ] [Test:52] Ag_Vanetta%[2022-03-10 17:12:53] [ INFO ] [Test:53] borrar%[2022-03-10 17:39:24] [ INFO ] [Test:26] hola%[2022-03-10 17:39:24] [ INFO ] [Test:53] Ag_Vanetta%[2022-03-10 17:39:24] [ INFO ] [Test:54] borrar%